  Source.cpp
C:\Users\Eng\source\repos\Project2\Project2\Source.cpp(16,31): warning C4305: 'initializing': truncation from 'double' to 'float'
C:\Users\Eng\source\repos\Project2\Project2\Source.cpp(17,29): warning C4305: 'initializing': truncation from 'double' to 'float'
C:\Users\Eng\source\repos\Project2\Project2\Source.cpp(19,23): warning C4305: 'initializing': truncation from 'double' to 'float'
C:\Users\Eng\source\repos\Project2\Project2\Source.cpp(20,25): warning C4305: 'initializing': truncation from 'double' to 'float'
C:\Users\Eng\source\repos\Project2\Project2\Source.cpp(45,25): warning C4305: 'initializing': truncation from 'double' to 'GLfloat'
C:\Users\Eng\source\repos\Project2\Project2\Source.cpp(160,32): warning C4305: 'argument': truncation from 'double' to 'GLclampf'
C:\Users\Eng\source\repos\Project2\Project2\Source.cpp(170,42): warning C4305: 'argument': truncation from 'double' to 'float'
C:\Users\Eng\source\repos\Project2\Project2\Source.cpp(176,42): warning C4305: 'argument': truncation from 'double' to 'float'
C:\Users\Eng\source\repos\Project2\Project2\Source.cpp(181,39): warning C4305: 'argument': truncation from 'double' to 'float'
C:\Users\Eng\source\repos\Project2\Project2\Source.cpp(187,29): warning C4305: 'argument': truncation from 'double' to 'float'
C:\Users\Eng\source\repos\Project2\Project2\Source.cpp(188,29): warning C4305: 'argument': truncation from 'double' to 'float'
C:\Users\Eng\source\repos\Project2\Project2\Source.cpp(192,33): warning C4305: 'argument': truncation from 'double' to 'float'
C:\Users\Eng\source\repos\Project2\Project2\Source.cpp(200,27): warning C4305: 'argument': truncation from 'double' to 'GLfloat'
C:\Users\Eng\source\repos\Project2\Project2\Source.cpp(207,31): warning C4305: 'argument': truncation from 'double' to 'GLfloat'
C:\Users\Eng\source\repos\Project2\Project2\Source.cpp(213,27): warning C4305: 'argument': truncation from 'double' to 'GLfloat'
C:\Users\Eng\source\repos\Project2\Project2\Source.cpp(221,32): warning C4305: 'argument': truncation from 'double' to 'GLfloat'
C:\Users\Eng\source\repos\Project2\Project2\Source.cpp(238,46): warning C4305: 'argument': truncation from 'double' to 'GLfloat'
C:\Users\Eng\source\repos\Project2\Project2\Source.cpp(264,38): warning C4305: 'argument': truncation from 'double' to 'GLfloat'
C:\Users\Eng\source\repos\Project2\Project2\Source.cpp(329,33): warning C4305: 'argument': truncation from 'double' to 'GLfloat'
C:\Users\Eng\source\repos\Project2\Project2\Source.cpp(665,39): warning C4305: '+=': truncation from 'double' to 'float'
C:\Users\Eng\source\repos\Project2\Project2\Source.cpp(667,39): warning C4305: '-=': truncation from 'double' to 'float'
C:\Users\Eng\source\repos\Project2\Project2\Source.cpp(673,39): warning C4305: '+=': truncation from 'double' to 'float'
C:\Users\Eng\source\repos\Project2\Project2\Source.cpp(675,39): warning C4305: '-=': truncation from 'double' to 'float'
  Project2.vcxproj -> C:\Users\Eng\source\repos\Project2\Debug\Project2.exe
